<?xml version="1.0" encoding="UTF-8"?>
<Site BuildName="(empty)"
	BuildStamp="20250324-1408-Experimental"
	Name="(empty)"
	Generator="ctest-3.28.3"
	CompilerName=""
	CompilerVersion=""
	OSName="Linux"
	Hostname="JuanLu"
	OSRelease="5.15.167.4-microsoft-standard-WSL2"
	OSVersion="#1 SMP Tue Nov 5 00:21:55 UTC 2024"
	OSPlatform="x86_64"
	Is64Bits="1"
	VendorString="AuthenticAMD"
	VendorID="Advanced Micro Devices"
	FamilyID="25"
	ModelID="68"
	ProcessorCacheSize="512"
	NumberOfLogicalCPU="16"
	NumberOfPhysicalCPU="8"
	TotalVirtualMemory="2048"
	TotalPhysicalMemory="7852"
	LogicalProcessorsPerPhysical="2"
	ProcessorClockFrequency="3094.31"
	>
	<Testing>
		<StartDateTime>Mar 24 15:08 CET</StartDateTime>
		<StartTestTime>1742825335</StartTestTime>
		<TestList>
			<Test>/mnt/c/Users/JuanLu/Desktop/UCO/2Carrera/EstructuraDatos(ED)/Practicas_ED/P2_ED/kdtree/pattern/TestPattern</Test>
			<Test>/mnt/c/Users/JuanLu/Desktop/UCO/2Carrera/EstructuraDatos(ED)/Practicas_ED/P2_ED/kdtree/pattern/TestDataset</Test>
			<Test>/mnt/c/Users/JuanLu/Desktop/UCO/2Carrera/EstructuraDatos(ED)/Practicas_ED/P2_ED/kdtree/pattern/TestPatternDistances</Test>
		</TestList>
		<Test Status="passed">
			<Name>TestPattern</Name>
			<Path>/mnt/c/Users/JuanLu/Desktop/UCO/2Carrera/EstructuraDatos(ED)/Practicas_ED/P2_ED/kdtree/pattern</Path>
			<FullName>/mnt/c/Users/JuanLu/Desktop/UCO/2Carrera/EstructuraDatos(ED)/Practicas_ED/P2_ED/kdtree/pattern/TestPattern</FullName>
			<FullCommandLine>/usr/bin/python3 "run_tests.py" "/mnt/c/Users/JuanLu/Desktop/UCO/2Carrera/EstructuraDatos(ED)/Practicas_ED/P2_ED/kdtree/pattern/build//test_pattern" "01_tests_pattern"</FullCommandLine>
			<Results>
				<NamedMeasurement type="numeric/double" name="Execution Time">
					<Value>0.0884082</Value>
				</NamedMeasurement>
				<NamedMeasurement type="numeric/double" name="Processors">
					<Value>1</Value>
				</NamedMeasurement>
				<NamedMeasurement type="text/string" name="Completion Status">
					<Value>Completed</Value>
				</NamedMeasurement>
				<NamedMeasurement type="text/string" name="Command Line">
					<Value>/usr/bin/python3 "run_tests.py" "/mnt/c/Users/JuanLu/Desktop/UCO/2Carrera/EstructuraDatos(ED)/Practicas_ED/P2_ED/kdtree/pattern/build//test_pattern" "01_tests_pattern"</Value>
				</NamedMeasurement>
				<NamedMeasurement type="text/string" name="Environment">
					<Value>#CTEST_RESOURCE_GROUP_COUNT=</Value>
				</NamedMeasurement>
				<Measurement>
					<Value encoding="base64" compression="gzip">eJwLSS0uUSgqzcvLzEu3UjAwjC8BChTHFySWlKQW5ekbGCjo6ekpSEcbG+WGgJQWJBYXp6boSUcb5HKFENBrRIFeYwr0muDRa6JvogBWDhPlAgAlDVQo====</Value>
				</Measurement>
			</Results>
		</Test>
		<Test Status="passed">
			<Name>TestDataset</Name>
			<Path>/mnt/c/Users/JuanLu/Desktop/UCO/2Carrera/EstructuraDatos(ED)/Practicas_ED/P2_ED/kdtree/pattern</Path>
			<FullName>/mnt/c/Users/JuanLu/Desktop/UCO/2Carrera/EstructuraDatos(ED)/Practicas_ED/P2_ED/kdtree/pattern/TestDataset</FullName>
			<FullCommandLine>/usr/bin/python3 "run_tests.py" "/mnt/c/Users/JuanLu/Desktop/UCO/2Carrera/EstructuraDatos(ED)/Practicas_ED/P2_ED/kdtree/pattern/build//test_pattern" "02_tests_pattern_dataset"</FullCommandLine>
			<Results>
				<NamedMeasurement type="numeric/double" name="Execution Time">
					<Value>0.0796957</Value>
				</NamedMeasurement>
				<NamedMeasurement type="numeric/double" name="Processors">
					<Value>1</Value>
				</NamedMeasurement>
				<NamedMeasurement type="text/string" name="Completion Status">
					<Value>Completed</Value>
				</NamedMeasurement>
				<NamedMeasurement type="text/string" name="Command Line">
					<Value>/usr/bin/python3 "run_tests.py" "/mnt/c/Users/JuanLu/Desktop/UCO/2Carrera/EstructuraDatos(ED)/Practicas_ED/P2_ED/kdtree/pattern/build//test_pattern" "02_tests_pattern_dataset"</Value>
				</NamedMeasurement>
				<NamedMeasurement type="text/string" name="Environment">
					<Value>#CTEST_RESOURCE_GROUP_COUNT=</Value>
				</NamedMeasurement>
				<Measurement>
					<Value encoding="base64" compression="gzip">eJwLSS0uUSgqzcvLzEu3UjAwii8BChTHFySWlKQW5cWnJJYkFqeW6BuYKujp6SlIRxsb5YaAtBQkFhenpuhJRxvkcoUQaYYZFcwwp4IZFnjMMNE3UQBrg4lyAQAv4mFR====</Value>
				</Measurement>
			</Results>
		</Test>
		<Test Status="passed">
			<Name>TestPatternDistances</Name>
			<Path>/mnt/c/Users/JuanLu/Desktop/UCO/2Carrera/EstructuraDatos(ED)/Practicas_ED/P2_ED/kdtree/pattern</Path>
			<FullName>/mnt/c/Users/JuanLu/Desktop/UCO/2Carrera/EstructuraDatos(ED)/Practicas_ED/P2_ED/kdtree/pattern/TestPatternDistances</FullName>
			<FullCommandLine>/usr/bin/python3 "run_tests.py" "/mnt/c/Users/JuanLu/Desktop/UCO/2Carrera/EstructuraDatos(ED)/Practicas_ED/P2_ED/kdtree/pattern/build//test_pattern" "03_tests_pattern_distances"</FullCommandLine>
			<Results>
				<NamedMeasurement type="numeric/double" name="Execution Time">
					<Value>0.0618521</Value>
				</NamedMeasurement>
				<NamedMeasurement type="numeric/double" name="Processors">
					<Value>1</Value>
				</NamedMeasurement>
				<NamedMeasurement type="text/string" name="Completion Status">
					<Value>Completed</Value>
				</NamedMeasurement>
				<NamedMeasurement type="text/string" name="Command Line">
					<Value>/usr/bin/python3 "run_tests.py" "/mnt/c/Users/JuanLu/Desktop/UCO/2Carrera/EstructuraDatos(ED)/Practicas_ED/P2_ED/kdtree/pattern/build//test_pattern" "03_tests_pattern_distances"</Value>
				</NamedMeasurement>
				<NamedMeasurement type="text/string" name="Environment">
					<Value>#CTEST_RESOURCE_GROUP_COUNT=</Value>
				</NamedMeasurement>
				<Measurement>
					<Value encoding="base64" compression="gzip">eJwLSS0uUSgqzcvLzEu3UjAwji8BChTHFySWlKQW5cWnZBaXJOYlpxbrG5go6OnpKUhHGxvlhoA0FSQWF6em6ElHG+RyhRBtiikeU4z0jRTAGmGiXAAAuzU0====</Value>
				</Measurement>
			</Results>
		</Test>
		<EndDateTime>Mar 24 15:08 CET</EndDateTime>
		<EndTestTime>1742825335</EndTestTime>
		<ElapsedMinutes>0</ElapsedMinutes>
	</Testing>
</Site>
